| ID | GPU | MEM |
------------------
[INFO] Namespace(coco_labels='COCO_classes.txt', device='cuda', img_path='/mnt/h/Projects/HKU_XAI_Project/Yolov5self_GradCAM_Pytorch_1/orib_veh_id_task0922', img_size=608, label_path='/mnt/h/Projects/HKU_XAI_Project/Yolov5self_GradCAM_Pytorch_1/orib_veh_id_task0922_label', method='odam', model_path='/mnt/h/jinhan/xai/models/yolov5sbdd100k300epoch.pt', names=None, object='vehicle', output_dir='sample_EM_idtask_1_output_update_2/GradCAM_NMS_objclass_F0_singleScale_norm_v5s_1', output_main_dir='/mnt/h/OneDrive - The University Of Hong Kong/bdd/xai_saliency_maps_same_layer/odam_vehicle', prob='class')
[INFO] Loading the model
Fusing layers... Model Summary: 140 layers, 7.25731e+06 parameters, 6.61683e+06 gradients
[INFO] Model is loaded
[INFO] fetching names from bdd100k-self file
[INFO] saliency_map size : torch.Size([19, 19])
[INFO] saliency_map size : torch.Size([19, 19])
[INFO] saliency_map size : torch.Size([19, 19])
[INFO] model-forward took:  0.0335 seconds
[INFO] car, model-backward took:  0.2703 seconds
total time: 0.4562
1
| ID | GPU | MEM |
------------------
[INFO] model-forward took:  0.0265 seconds
[INFO] car, model-backward took:  0.0881 seconds
total time: 0.2785
1
| ID | GPU | MEM |
------------------
[INFO] model-forward took:  0.0334 seconds
[INFO] car, model-backward took:  0.076 seconds
[INFO] car, model-backward took:  0.0837 seconds
total time: 0.4017
2
| ID | GPU | MEM |
------------------
[INFO] model-forward took:  0.0213 seconds
[INFO] car, model-backward took:  0.0874 seconds
[INFO] car, model-backward took:  0.085 seconds
total time: 0.3928
2
[INFO] Saving the final image at /mnt/h/OneDrive - The University Of Hong Kong/bdd/xai_saliency_maps_same_layer/odam_vehicle/odam_vehicle_NMS_class_F1_aifaith_norm_yolov5sbdd100k300epoch_1/1028-res.jpg
[INFO] save mat to: /mnt/h/OneDrive - The University Of Hong Kong/bdd/xai_saliency_maps_same_layer/odam_vehicle/odam_vehicle_NMS_class_F1_aifaith_norm_yolov5sbdd100k300epoch_1/1028-res.jpg
| ID | GPU | MEM |
------------------
[INFO] model-forward took:  0.0218 seconds
[INFO] car, model-backward took:  0.0667 seconds
[INFO] car, model-backward took:  0.0686 seconds
[INFO] car, model-backward took:  0.0636 seconds
[INFO] car, model-backward took:  0.059 seconds
total time: 0.5562
3
[INFO] Saving the final image at /mnt/h/OneDrive - The University Of Hong Kong/bdd/xai_saliency_maps_same_layer/odam_vehicle/odam_vehicle_NMS_class_F1_aifaith_norm_yolov5sbdd100k300epoch_1/1031-res.jpg
[INFO] save mat to: /mnt/h/OneDrive - The University Of Hong Kong/bdd/xai_saliency_maps_same_layer/odam_vehicle/odam_vehicle_NMS_class_F1_aifaith_norm_yolov5sbdd100k300epoch_1/1031-res.jpg
| ID | GPU | MEM |
------------------
[INFO] model-forward took:  0.0202 seconds
[INFO] car, model-backward took:  0.0598 seconds
[INFO] car, model-backward took:  0.0659 seconds
[INFO] bus, model-backward took:  0.0642 seconds
total time: 0.4484
2
| ID | GPU | MEM |
------------------
[INFO] model-forward took:  0.0225 seconds
[INFO] car, model-backward took:  0.0749 seconds
[INFO] car, model-backward took:  0.0681 seconds
[INFO] car, model-backward took:  0.0668 seconds
[INFO] car, model-backward took:  0.0712 seconds
total time: 0.5872
2
| ID | GPU | MEM |
------------------
[INFO] model-forward took:  0.0237 seconds
[INFO] car, model-backward took:  0.0727 seconds
[INFO] car, model-backward took:  0.0689 seconds
[INFO] car, model-backward took:  0.0682 seconds
total time: 0.4843
3
| ID | GPU | MEM |
------------------
[INFO] model-forward took:  0.0312 seconds
[INFO] car, model-backward took:  0.0919 seconds
[INFO] car, model-backward took:  0.0908 seconds
[INFO] car, model-backward took:  0.0897 seconds
total time: 0.5595
3
[INFO] Saving the final image at /mnt/h/OneDrive - The University Of Hong Kong/bdd/xai_saliency_maps_same_layer/odam_vehicle/odam_vehicle_NMS_class_F1_aifaith_norm_yolov5sbdd100k300epoch_1/1065-res.jpg
[INFO] save mat to: /mnt/h/OneDrive - The University Of Hong Kong/bdd/xai_saliency_maps_same_layer/odam_vehicle/odam_vehicle_NMS_class_F1_aifaith_norm_yolov5sbdd100k300epoch_1/1065-res.jpg
| ID | GPU | MEM |
------------------
[INFO] model-forward took:  0.0261 seconds
[INFO] car, model-backward took:  0.0556 seconds
[INFO] car, model-backward took:  0.0581 seconds
[INFO] car, model-backward took:  0.0621 seconds
[INFO] car, model-backward took:  0.0631 seconds
total time: 0.5503
4
[INFO] Saving the final image at /mnt/h/OneDrive - The University Of Hong Kong/bdd/xai_saliency_maps_same_layer/odam_vehicle/odam_vehicle_NMS_class_F1_aifaith_norm_yolov5sbdd100k300epoch_1/1079-res.jpg
[INFO] save mat to: /mnt/h/OneDrive - The University Of Hong Kong/bdd/xai_saliency_maps_same_layer/odam_vehicle/odam_vehicle_NMS_class_F1_aifaith_norm_yolov5sbdd100k300epoch_1/1079-res.jpg
| ID | GPU | MEM |
------------------
[INFO] model-forward took:  0.022 seconds
[INFO] car, model-backward took:  0.0635 seconds
[INFO] car, model-backward took:  0.0559 seconds
[INFO] car, model-backward took:  0.0544 seconds
total time: 0.4363
3
| ID | GPU | MEM |
------------------
[INFO] model-forward took:  0.0258 seconds
[INFO] car, model-backward took:  0.0857 seconds
[INFO] car, model-backward took:  0.0813 seconds
[INFO] car, model-backward took:  0.0795 seconds
total time: 0.5246
3
| ID | GPU | MEM |
------------------
[INFO] model-forward took:  0.0302 seconds
[INFO] truck, model-backward took:  0.0722 seconds
[INFO] car, model-backward took:  0.0698 seconds
[INFO] car, model-backward took:  0.0637 seconds
total time: 0.459
2
[INFO] Saving the final image at /mnt/h/OneDrive - The University Of Hong Kong/bdd/xai_saliency_maps_same_layer/odam_vehicle/odam_vehicle_NMS_class_F1_aifaith_norm_yolov5sbdd100k300epoch_1/1100-res.jpg
[INFO] save mat to: /mnt/h/OneDrive - The University Of Hong Kong/bdd/xai_saliency_maps_same_layer/odam_vehicle/odam_vehicle_NMS_class_F1_aifaith_norm_yolov5sbdd100k300epoch_1/1100-res.jpg
| ID | GPU | MEM |
------------------
[INFO] model-forward took:  0.0232 seconds
[INFO] car, model-backward took:  0.0614 seconds
[INFO] car, model-backward took:  0.0636 seconds
[INFO] car, model-backward took:  0.0675 seconds
total time: 0.4579
2
[INFO] Saving the final image at /mnt/h/OneDrive - The University Of Hong Kong/bdd/xai_saliency_maps_same_layer/odam_vehicle/odam_vehicle_NMS_class_F1_aifaith_norm_yolov5sbdd100k300epoch_1/1108-res.jpg
[INFO] save mat to: /mnt/h/OneDrive - The University Of Hong Kong/bdd/xai_saliency_maps_same_layer/odam_vehicle/odam_vehicle_NMS_class_F1_aifaith_norm_yolov5sbdd100k300epoch_1/1108-res.jpg
| ID | GPU | MEM |
------------------
[INFO] model-forward took:  0.023 seconds
[INFO] car, model-backward took:  0.0599 seconds
[INFO] car, model-backward took:  0.0659 seconds
total time: 0.3468
2
[INFO] Saving the final image at /mnt/h/OneDrive - The University Of Hong Kong/bdd/xai_saliency_maps_same_layer/odam_vehicle/odam_vehicle_NMS_class_F1_aifaith_norm_yolov5sbdd100k300epoch_1/1109-res.jpg
[INFO] save mat to: /mnt/h/OneDrive - The University Of Hong Kong/bdd/xai_saliency_maps_same_layer/odam_vehicle/odam_vehicle_NMS_class_F1_aifaith_norm_yolov5sbdd100k300epoch_1/1109-res.jpg
| ID | GPU | MEM |
------------------
[INFO] model-forward took:  0.0224 seconds
[INFO] car, model-backward took:  0.0844 seconds
[INFO] truck, model-backward took:  0.0652 seconds
[INFO] car, model-backward took:  0.0611 seconds
total time: 0.4552
3
| ID | GPU | MEM |
------------------
[INFO] model-forward took:  0.0249 seconds
[INFO] car, model-backward took:  0.0679 seconds
[INFO] car, model-backward took:  0.0729 seconds
[INFO] car, model-backward took:  0.0637 seconds
[INFO] car, model-backward took:  0.0711 seconds
total time: 0.5802
4
| ID | GPU | MEM |
------------------
[INFO] model-forward took:  0.0206 seconds
total time: 0.1119
[INFO] Saving the final image at /mnt/h/OneDrive - The University Of Hong Kong/bdd/xai_saliency_maps_same_layer/odam_vehicle/odam_vehicle_NMS_class_F1_aifaith_norm_yolov5sbdd100k300epoch_1/1121-res.jpg
[INFO] save mat to: /mnt/h/OneDrive - The University Of Hong Kong/bdd/xai_saliency_maps_same_layer/odam_vehicle/odam_vehicle_NMS_class_F1_aifaith_norm_yolov5sbdd100k300epoch_1/1121-res.jpg
| ID | GPU | MEM |
------------------
[INFO] model-forward took:  0.0176 seconds
total time: 0.1077
[INFO] Saving the final image at /mnt/h/OneDrive - The University Of Hong Kong/bdd/xai_saliency_maps_same_layer/odam_vehicle/odam_vehicle_NMS_class_F1_aifaith_norm_yolov5sbdd100k300epoch_1/1127-res.jpg
[INFO] save mat to: /mnt/h/OneDrive - The University Of Hong Kong/bdd/xai_saliency_maps_same_layer/odam_vehicle/odam_vehicle_NMS_class_F1_aifaith_norm_yolov5sbdd100k300epoch_1/1127-res.jpg
| ID | GPU | MEM |
------------------
[INFO] model-forward took:  0.023 seconds
[INFO] car, model-backward took:  0.0562 seconds
[INFO] car, model-backward took:  0.0554 seconds
[INFO] car, model-backward took:  0.0567 seconds
[INFO] car, model-backward took:  0.0543 seconds
total time: 0.5271
4
| ID | GPU | MEM |
------------------
[INFO] model-forward took:  0.0242 seconds
[INFO] car, model-backward took:  0.0613 seconds
[INFO] car, model-backward took:  0.0631 seconds
[INFO] car, model-backward took:  0.0553 seconds
[INFO] truck, model-backward took:  0.0581 seconds
[INFO] car, model-backward took:  0.0599 seconds
total time: 0.6259
4
| ID | GPU | MEM |
------------------
[INFO] model-forward took:  0.0226 seconds
[INFO] car, model-backward took:  0.0668 seconds
total time: 0.2392
1
[INFO] Saving the final image at /mnt/h/OneDrive - The University Of Hong Kong/bdd/xai_saliency_maps_same_layer/odam_vehicle/odam_vehicle_NMS_class_F1_aifaith_norm_yolov5sbdd100k300epoch_1/1149-res.jpg
[INFO] save mat to: /mnt/h/OneDrive - The University Of Hong Kong/bdd/xai_saliency_maps_same_layer/odam_vehicle/odam_vehicle_NMS_class_F1_aifaith_norm_yolov5sbdd100k300epoch_1/1149-res.jpg
| ID | GPU | MEM |
------------------
[INFO] model-forward took:  0.0209 seconds
[INFO] car, model-backward took:  0.0589 seconds
[INFO] car, model-backward took:  0.057 seconds
[INFO] car, model-backward took:  0.0542 seconds
[INFO] car, model-backward took:  0.0559 seconds
total time: 0.5288
4
| ID | GPU | MEM |
------------------
[INFO] model-forward took:  0.0265 seconds
[INFO] car, model-backward took:  0.0825 seconds
total time: 0.2589
1
[INFO] Saving the final image at /mnt/h/OneDrive - The University Of Hong Kong/bdd/xai_saliency_maps_same_layer/odam_vehicle/odam_vehicle_NMS_class_F1_aifaith_norm_yolov5sbdd100k300epoch_1/1170-res.jpg
[INFO] save mat to: /mnt/h/OneDrive - The University Of Hong Kong/bdd/xai_saliency_maps_same_layer/odam_vehicle/odam_vehicle_NMS_class_F1_aifaith_norm_yolov5sbdd100k300epoch_1/1170-res.jpg
| ID | GPU | MEM |
------------------
[INFO] model-forward took:  0.0242 seconds
[INFO] car, model-backward took:  0.0693 seconds
[INFO] car, model-backward took:  0.0587 seconds
[INFO] car, model-backward took:  0.0538 seconds
total time: 0.4369
3
| ID | GPU | MEM |
------------------
[INFO] model-forward took:  0.0229 seconds
[INFO] car, model-backward took:  0.0735 seconds
[INFO] car, model-backward took:  0.0636 seconds
total time: 0.3525
2
| ID | GPU | MEM |
------------------
[INFO] model-forward took:  0.0195 seconds
[INFO] car, model-backward took:  0.0722 seconds
[INFO] car, model-backward took:  0.0684 seconds
[INFO] car, model-backward took:  0.0764 seconds
total time: 0.4644
3
| ID | GPU | MEM |
------------------
[INFO] model-forward took:  0.0259 seconds
[INFO] car, model-backward took:  0.0745 seconds
[INFO] car, model-backward took:  0.0742 seconds
total time: 0.3841
2
| ID | GPU | MEM |
------------------
[INFO] model-forward took:  0.022 seconds
[INFO] car, model-backward took:  0.0897 seconds
[INFO] car, model-backward took:  0.0991 seconds
total time: 0.4184
2
| ID | GPU | MEM |
------------------
[INFO] model-forward took:  0.0211 seconds
[INFO] car, model-backward took:  0.0975 seconds
[INFO] car, model-backward took:  0.0848 seconds
total time: 0.4033
2
| ID | GPU | MEM |
------------------
[INFO] model-forward took:  0.0203 seconds
[INFO] car, model-backward took:  0.0854 seconds
[INFO] car, model-backward took:  0.0923 seconds
[INFO] car, model-backward took:  0.1058 seconds
total time: 0.5491
3
| ID | GPU | MEM |
------------------
[INFO] model-forward took:  0.02 seconds
[INFO] car, model-backward took:  0.0984 seconds
total time: 0.285
1
| ID | GPU | MEM |
------------------
[INFO] model-forward took:  0.0205 seconds
[INFO] car, model-backward took:  0.0888 seconds
[INFO] car, model-backward took:  0.079 seconds
total time: 0.3924
2
[INFO] Saving the final image at /mnt/h/OneDrive - The University Of Hong Kong/bdd/xai_saliency_maps_same_layer/odam_vehicle/odam_vehicle_NMS_class_F1_aifaith_norm_yolov5sbdd100k300epoch_1/1236-res.jpg
[INFO] save mat to: /mnt/h/OneDrive - The University Of Hong Kong/bdd/xai_saliency_maps_same_layer/odam_vehicle/odam_vehicle_NMS_class_F1_aifaith_norm_yolov5sbdd100k300epoch_1/1236-res.jpg
| ID | GPU | MEM |
------------------
[INFO] model-forward took:  0.0201 seconds
[INFO] car, model-backward took:  0.063 seconds
[INFO] car, model-backward took:  0.0653 seconds
total time: 0.3552
2
| ID | GPU | MEM |
------------------
[INFO] model-forward took:  0.0197 seconds
[INFO] car, model-backward took:  0.0627 seconds
[INFO] car, model-backward took:  0.0638 seconds
[INFO] car, model-backward took:  0.0631 seconds
[INFO] car, model-backward took:  0.0673 seconds
total time: 0.5601
4
[INFO] Saving the final image at /mnt/h/OneDrive - The University Of Hong Kong/bdd/xai_saliency_maps_same_layer/odam_vehicle/odam_vehicle_NMS_class_F1_aifaith_norm_yolov5sbdd100k300epoch_1/1253-res.jpg
[INFO] save mat to: /mnt/h/OneDrive - The University Of Hong Kong/bdd/xai_saliency_maps_same_layer/odam_vehicle/odam_vehicle_NMS_class_F1_aifaith_norm_yolov5sbdd100k300epoch_1/1253-res.jpg
| ID | GPU | MEM |
------------------
[INFO] model-forward took:  0.0267 seconds
[INFO] car, model-backward took:  0.0667 seconds
[INFO] car, model-backward took:  0.0601 seconds
total time: 0.3494
2
[INFO] Saving the final image at /mnt/h/OneDrive - The University Of Hong Kong/bdd/xai_saliency_maps_same_layer/odam_vehicle/odam_vehicle_NMS_class_F1_aifaith_norm_yolov5sbdd100k300epoch_1/1258-res.jpg
[INFO] save mat to: /mnt/h/OneDrive - The University Of Hong Kong/bdd/xai_saliency_maps_same_layer/odam_vehicle/odam_vehicle_NMS_class_F1_aifaith_norm_yolov5sbdd100k300epoch_1/1258-res.jpg
| ID | GPU | MEM |
------------------
[INFO] model-forward took:  0.0222 seconds
[INFO] car, model-backward took:  0.0675 seconds
[INFO] car, model-backward took:  0.0594 seconds
[INFO] car, model-backward took:  0.0763 seconds
[INFO] car, model-backward took:  0.1184 seconds
total time: 0.6591
4
[INFO] Saving the final image at /mnt/h/OneDrive - The University Of Hong Kong/bdd/xai_saliency_maps_same_layer/odam_vehicle/odam_vehicle_NMS_class_F1_aifaith_norm_yolov5sbdd100k300epoch_1/126-res.jpg
[INFO] save mat to: /mnt/h/OneDrive - The University Of Hong Kong/bdd/xai_saliency_maps_same_layer/odam_vehicle/odam_vehicle_NMS_class_F1_aifaith_norm_yolov5sbdd100k300epoch_1/126-res.jpg
| ID | GPU | MEM |
------------------
[INFO] model-forward took:  0.0326 seconds
[INFO] car, model-backward took:  0.0784 seconds
[INFO] truck, model-backward took:  0.087 seconds
total time: 0.4612
2
[INFO] Saving the final image at /mnt/h/OneDrive - The University Of Hong Kong/bdd/xai_saliency_maps_same_layer/odam_vehicle/odam_vehicle_NMS_class_F1_aifaith_norm_yolov5sbdd100k300epoch_1/1272-res.jpg
[INFO] save mat to: /mnt/h/OneDrive - The University Of Hong Kong/bdd/xai_saliency_maps_same_layer/odam_vehicle/odam_vehicle_NMS_class_F1_aifaith_norm_yolov5sbdd100k300epoch_1/1272-res.jpg
| ID | GPU | MEM |
------------------
[INFO] model-forward took:  0.0258 seconds
[INFO] car, model-backward took:  0.0708 seconds
[INFO] car, model-backward took:  0.078 seconds
[INFO] car, model-backward took:  0.0814 seconds
[INFO] car, model-backward took:  0.0732 seconds
total time: 0.6454
2
[INFO] Saving the final image at /mnt/h/OneDrive - The University Of Hong Kong/bdd/xai_saliency_maps_same_layer/odam_vehicle/odam_vehicle_NMS_class_F1_aifaith_norm_yolov5sbdd100k300epoch_1/1278-res.jpg
[INFO] save mat to: /mnt/h/OneDrive - The University Of Hong Kong/bdd/xai_saliency_maps_same_layer/odam_vehicle/odam_vehicle_NMS_class_F1_aifaith_norm_yolov5sbdd100k300epoch_1/1278-res.jpg
| ID | GPU | MEM |
------------------
[INFO] model-forward took:  0.0221 seconds
[INFO] car, model-backward took:  0.0768 seconds
total time: 0.2683
1
| ID | GPU | MEM |
------------------
[INFO] model-forward took:  0.0276 seconds
[INFO] car, model-backward took:  0.1123 seconds
[INFO] car, model-backward took:  0.096 seconds
[INFO] car, model-backward took:  0.1127 seconds
total time: 0.6757
3
| ID | GPU | MEM |
------------------
[INFO] model-forward took:  0.022 seconds
[INFO] car, model-backward took:  0.2687 seconds
[INFO] truck, model-backward took:  0.1306 seconds
[INFO] car, model-backward took:  0.1409 seconds
[INFO] car, model-backward took:  0.1017 seconds
total time: 1.0107
4
[INFO] Saving the final image at /mnt/h/OneDrive - The University Of Hong Kong/bdd/xai_saliency_maps_same_layer/odam_vehicle/odam_vehicle_NMS_class_F1_aifaith_norm_yolov5sbdd100k300epoch_1/1331-res.jpg
[INFO] save mat to: /mnt/h/OneDrive - The University Of Hong Kong/bdd/xai_saliency_maps_same_layer/odam_vehicle/odam_vehicle_NMS_class_F1_aifaith_norm_yolov5sbdd100k300epoch_1/1331-res.jpg
| ID | GPU | MEM |
------------------
[INFO] model-forward took:  0.0244 seconds
[INFO] car, model-backward took:  0.0851 seconds
[INFO] car, model-backward took:  0.0759 seconds
[INFO] car, model-backward took:  0.1451 seconds
total time: 0.6147
3
[INFO] Saving the final image at /mnt/h/OneDrive - The University Of Hong Kong/bdd/xai_saliency_maps_same_layer/odam_vehicle/odam_vehicle_NMS_class_F1_aifaith_norm_yolov5sbdd100k300epoch_1/134-res.jpg
[INFO] save mat to: /mnt/h/OneDrive - The University Of Hong Kong/bdd/xai_saliency_maps_same_layer/odam_vehicle/odam_vehicle_NMS_class_F1_aifaith_norm_yolov5sbdd100k300epoch_1/134-res.jpg
| ID | GPU | MEM |
------------------
[INFO] model-forward took:  0.0221 seconds
[INFO] car, model-backward took:  0.0593 seconds
[INFO] truck, model-backward took:  0.0647 seconds
total time: 0.3423
2
| ID | GPU | MEM |
------------------
[INFO] model-forward took:  0.0279 seconds
[INFO] car, model-backward took:  0.071 seconds
[INFO] car, model-backward took:  0.072 seconds
[INFO] car, model-backward took:  0.062 seconds
total time: 0.4761
3
[INFO] Saving the final image at /mnt/h/OneDrive - The University Of Hong Kong/bdd/xai_saliency_maps_same_layer/odam_vehicle/odam_vehicle_NMS_class_F1_aifaith_norm_yolov5sbdd100k300epoch_1/1353-res.jpg
[INFO] save mat to: /mnt/h/OneDrive - The University Of Hong Kong/bdd/xai_saliency_maps_same_layer/odam_vehicle/odam_vehicle_NMS_class_F1_aifaith_norm_yolov5sbdd100k300epoch_1/1353-res.jpg
| ID | GPU | MEM |
------------------
[INFO] model-forward took:  0.0394 seconds
[INFO] car, model-backward took:  0.085 seconds
total time: 0.3232
1
[INFO] Saving the final image at /mnt/h/OneDrive - The University Of Hong Kong/bdd/xai_saliency_maps_same_layer/odam_vehicle/odam_vehicle_NMS_class_F1_aifaith_norm_yolov5sbdd100k300epoch_1/1356-res.jpg
[INFO] save mat to: /mnt/h/OneDrive - The University Of Hong Kong/bdd/xai_saliency_maps_same_layer/odam_vehicle/odam_vehicle_NMS_class_F1_aifaith_norm_yolov5sbdd100k300epoch_1/1356-res.jpg
| ID | GPU | MEM |
------------------
[INFO] model-forward took:  0.0418 seconds
[INFO] car, model-backward took:  0.125 seconds
[INFO] car, model-backward took:  0.2343 seconds
total time: 0.6482
2
[INFO] Saving the final image at /mnt/h/OneDrive - The University Of Hong Kong/bdd/xai_saliency_maps_same_layer/odam_vehicle/odam_vehicle_NMS_class_F1_aifaith_norm_yolov5sbdd100k300epoch_1/1357-res.jpg
[INFO] save mat to: /mnt/h/OneDrive - The University Of Hong Kong/bdd/xai_saliency_maps_same_layer/odam_vehicle/odam_vehicle_NMS_class_F1_aifaith_norm_yolov5sbdd100k300epoch_1/1357-res.jpg
| ID | GPU | MEM |
------------------
[INFO] model-forward took:  0.0306 seconds
[INFO] car, model-backward took:  0.0735 seconds
total time: 0.2958
1
| ID | GPU | MEM |
------------------
[INFO] model-forward took:  0.0311 seconds
[INFO] car, model-backward took:  0.0881 seconds
[INFO] car, model-backward took:  0.0802 seconds
total time: 0.4425
2
[INFO] Saving the final image at /mnt/h/OneDrive - The University Of Hong Kong/bdd/xai_saliency_maps_same_layer/odam_vehicle/odam_vehicle_NMS_class_F1_aifaith_norm_yolov5sbdd100k300epoch_1/141-res.jpg
[INFO] save mat to: /mnt/h/OneDrive - The University Of Hong Kong/bdd/xai_saliency_maps_same_layer/odam_vehicle/odam_vehicle_NMS_class_F1_aifaith_norm_yolov5sbdd100k300epoch_1/141-res.jpg
| ID | GPU | MEM |
------------------
[INFO] model-forward took:  0.0287 seconds
[INFO] car, model-backward took:  0.1476 seconds
[INFO] car, model-backward took:  0.1333 seconds
[INFO] car, model-backward took:  0.0708 seconds
total time: 0.6714
3
| ID | GPU | MEM |
------------------
[INFO] model-forward took:  0.0298 seconds
[INFO] car, model-backward took:  0.0717 seconds
[INFO] car, model-backward took:  0.0659 seconds
[INFO] car, model-backward took:  0.0767 seconds
total time: 0.5125
3
[INFO] Saving the final image at /mnt/h/OneDrive - The University Of Hong Kong/bdd/xai_saliency_maps_same_layer/odam_vehicle/odam_vehicle_NMS_class_F1_aifaith_norm_yolov5sbdd100k300epoch_1/178-res.jpg
[INFO] save mat to: /mnt/h/OneDrive - The University Of Hong Kong/bdd/xai_saliency_maps_same_layer/odam_vehicle/odam_vehicle_NMS_class_F1_aifaith_norm_yolov5sbdd100k300epoch_1/178-res.jpg
| ID | GPU | MEM |
------------------
[INFO] model-forward took:  0.0318 seconds
[INFO] car, model-backward took:  0.1013 seconds
[INFO] car, model-backward took:  0.0862 seconds
[INFO] car, model-backward took:  0.2009 seconds
total time: 0.7214
3
[INFO] Saving the final image at /mnt/h/OneDrive - The University Of Hong Kong/bdd/xai_saliency_maps_same_layer/odam_vehicle/odam_vehicle_NMS_class_F1_aifaith_norm_yolov5sbdd100k300epoch_1/180-res.jpg
[INFO] save mat to: /mnt/h/OneDrive - The University Of Hong Kong/bdd/xai_saliency_maps_same_layer/odam_vehicle/odam_vehicle_NMS_class_F1_aifaith_norm_yolov5sbdd100k300epoch_1/180-res.jpg
| ID | GPU | MEM |
------------------
[INFO] model-forward took:  0.0252 seconds
[INFO] car, model-backward took:  0.0859 seconds
total time: 0.2596
1
| ID | GPU | MEM |
------------------
[INFO] model-forward took:  0.0224 seconds
[INFO] car, model-backward took:  0.0951 seconds
total time: 0.2951
1
| ID | GPU | MEM |
------------------
[INFO] model-forward took:  0.0246 seconds
[INFO] car, model-backward took:  0.0666 seconds
[INFO] car, model-backward took:  0.0599 seconds
[INFO] truck, model-backward took:  0.0771 seconds
total time: 0.4731
3
| ID | GPU | MEM |
------------------
[INFO] model-forward took:  0.0324 seconds
[INFO] car, model-backward took:  0.0666 seconds
[INFO] car, model-backward took:  0.0734 seconds
total time: 0.3987
2
| ID | GPU | MEM |
------------------
[INFO] model-forward took:  0.0326 seconds
[INFO] car, model-backward took:  0.0944 seconds
[INFO] car, model-backward took:  0.0834 seconds
[INFO] car, model-backward took:  0.0836 seconds
total time: 0.5955
3
[INFO] Saving the final image at /mnt/h/OneDrive - The University Of Hong Kong/bdd/xai_saliency_maps_same_layer/odam_vehicle/odam_vehicle_NMS_class_F1_aifaith_norm_yolov5sbdd100k300epoch_1/210-res.jpg
[INFO] save mat to: /mnt/h/OneDrive - The University Of Hong Kong/bdd/xai_saliency_maps_same_layer/odam_vehicle/odam_vehicle_NMS_class_F1_aifaith_norm_yolov5sbdd100k300epoch_1/210-res.jpg
| ID | GPU | MEM |
------------------
[INFO] model-forward took:  0.0255 seconds
[INFO] car, model-backward took:  0.0805 seconds
[INFO] car, model-backward took:  0.2255 seconds
[INFO] truck, model-backward took:  0.1112 seconds
[INFO] truck, model-backward took:  0.1159 seconds
total time: 0.9269
4
| ID | GPU | MEM |
------------------
[INFO] model-forward took:  0.0331 seconds
[INFO] car, model-backward took:  0.104 seconds
[INFO] car, model-backward took:  0.0858 seconds
[INFO] car, model-backward took:  0.0849 seconds
total time: 0.6377
3
| ID | GPU | MEM |
------------------
[INFO] model-forward took:  0.0299 seconds
[INFO] car, model-backward took:  0.2352 seconds
[INFO] car, model-backward took:  0.0707 seconds
total time: 0.5656
2
| ID | GPU | MEM |
------------------
[INFO] model-forward took:  0.0238 seconds
[INFO] car, model-backward took:  0.0663 seconds
[INFO] car, model-backward took:  0.0956 seconds
total time: 0.4372
2
[INFO] Saving the final image at /mnt/h/OneDrive - The University Of Hong Kong/bdd/xai_saliency_maps_same_layer/odam_vehicle/odam_vehicle_NMS_class_F1_aifaith_norm_yolov5sbdd100k300epoch_1/269-res.jpg
[INFO] save mat to: /mnt/h/OneDrive - The University Of Hong Kong/bdd/xai_saliency_maps_same_layer/odam_vehicle/odam_vehicle_NMS_class_F1_aifaith_norm_yolov5sbdd100k300epoch_1/269-res.jpg
| ID | GPU | MEM |
------------------
[INFO] model-forward took:  0.0288 seconds
[INFO] car, model-backward took:  0.0711 seconds
total time: 0.2894
1
| ID | GPU | MEM |
------------------
[INFO] model-forward took:  0.0373 seconds
[INFO] car, model-backward took:  0.1102 seconds
total time: 0.3913
1
[INFO] Saving the final image at /mnt/h/OneDrive - The University Of Hong Kong/bdd/xai_saliency_maps_same_layer/odam_vehicle/odam_vehicle_NMS_class_F1_aifaith_norm_yolov5sbdd100k300epoch_1/274-res.jpg
[INFO] save mat to: /mnt/h/OneDrive - The University Of Hong Kong/bdd/xai_saliency_maps_same_layer/odam_vehicle/odam_vehicle_NMS_class_F1_aifaith_norm_yolov5sbdd100k300epoch_1/274-res.jpg
| ID | GPU | MEM |
------------------
[INFO] model-forward took:  0.0843 seconds
[INFO] car, model-backward took:  0.1398 seconds
[INFO] car, model-backward took:  0.1296 seconds
total time: 0.6114
2
[INFO] Saving the final image at /mnt/h/OneDrive - The University Of Hong Kong/bdd/xai_saliency_maps_same_layer/odam_vehicle/odam_vehicle_NMS_class_F1_aifaith_norm_yolov5sbdd100k300epoch_1/293-res.jpg
[INFO] save mat to: /mnt/h/OneDrive - The University Of Hong Kong/bdd/xai_saliency_maps_same_layer/odam_vehicle/odam_vehicle_NMS_class_F1_aifaith_norm_yolov5sbdd100k300epoch_1/293-res.jpg
| ID | GPU | MEM |
------------------
[INFO] model-forward took:  0.036 seconds
[INFO] car, model-backward took:  0.1369 seconds
[INFO] car, model-backward took:  0.071 seconds
total time: 0.5064
2
| ID | GPU | MEM |
------------------
[INFO] model-forward took:  0.0255 seconds
[INFO] bus, model-backward took:  0.0751 seconds
[INFO] car, model-backward took:  0.0729 seconds
total time: 0.3904
2
| ID | GPU | MEM |
------------------
[INFO] model-forward took:  0.0307 seconds
[INFO] car, model-backward took:  0.0805 seconds
[INFO] car, model-backward took:  0.0784 seconds
[INFO] car, model-backward took:  0.0762 seconds
total time: 0.5636
3
| ID | GPU | MEM |
------------------
[INFO] model-forward took:  0.0305 seconds
[INFO] bus, model-backward took:  0.1423 seconds
total time: 0.3748
1
[INFO] Saving the final image at /mnt/h/OneDrive - The University Of Hong Kong/bdd/xai_saliency_maps_same_layer/odam_vehicle/odam_vehicle_NMS_class_F1_aifaith_norm_yolov5sbdd100k300epoch_1/321-res.jpg
[INFO] save mat to: /mnt/h/OneDrive - The University Of Hong Kong/bdd/xai_saliency_maps_same_layer/odam_vehicle/odam_vehicle_NMS_class_F1_aifaith_norm_yolov5sbdd100k300epoch_1/321-res.jpg
| ID | GPU | MEM |
------------------
[INFO] model-forward took:  0.025 seconds
[INFO] car, model-backward took:  0.4354 seconds
[INFO] car, model-backward took:  0.8775 seconds
[INFO] car, model-backward took:  0.1532 seconds
[INFO] car, model-backward took:  0.1545 seconds
total time: 2.0118
3
| ID | GPU | MEM |
------------------
[INFO] model-forward took:  0.0269 seconds
[INFO] car, model-backward took:  0.074 seconds
[INFO] car, model-backward took:  0.0773 seconds
[INFO] car, model-backward took:  0.0716 seconds
[INFO] car, model-backward took:  0.0897 seconds
total time: 0.6939
4
| ID | GPU | MEM |
------------------
[INFO] model-forward took:  0.0361 seconds
[INFO] car, model-backward took:  0.1232 seconds
[INFO] car, model-backward took:  0.13 seconds
total time: 0.6144
1
| ID | GPU | MEM |
------------------
[INFO] model-forward took:  0.0279 seconds
[INFO] car, model-backward took:  0.1014 seconds
[INFO] car, model-backward took:  0.0807 seconds
[INFO] car, model-backward took:  0.0817 seconds
total time: 0.6075
3
[INFO] Saving the final image at /mnt/h/OneDrive - The University Of Hong Kong/bdd/xai_saliency_maps_same_layer/odam_vehicle/odam_vehicle_NMS_class_F1_aifaith_norm_yolov5sbdd100k300epoch_1/342-res.jpg
[INFO] save mat to: /mnt/h/OneDrive - The University Of Hong Kong/bdd/xai_saliency_maps_same_layer/odam_vehicle/odam_vehicle_NMS_class_F1_aifaith_norm_yolov5sbdd100k300epoch_1/342-res.jpg
| ID | GPU | MEM |
------------------
[INFO] model-forward took:  0.1115 seconds
[INFO] car, model-backward took:  1.0907 seconds
[INFO] car, model-backward took:  0.9716 seconds
[INFO] car, model-backward took:  0.979 seconds
total time: 3.6201
3
[INFO] Saving the final image at /mnt/h/OneDrive - The University Of Hong Kong/bdd/xai_saliency_maps_same_layer/odam_vehicle/odam_vehicle_NMS_class_F1_aifaith_norm_yolov5sbdd100k300epoch_1/344-res.jpg
[INFO] save mat to: /mnt/h/OneDrive - The University Of Hong Kong/bdd/xai_saliency_maps_same_layer/odam_vehicle/odam_vehicle_NMS_class_F1_aifaith_norm_yolov5sbdd100k300epoch_1/344-res.jpg
| ID | GPU | MEM |
------------------
[INFO] model-forward took:  0.0292 seconds
[INFO] car, model-backward took:  0.0923 seconds
[INFO] car, model-backward took:  0.08 seconds
total time: 0.4639
2
[INFO] Saving the final image at /mnt/h/OneDrive - The University Of Hong Kong/bdd/xai_saliency_maps_same_layer/odam_vehicle/odam_vehicle_NMS_class_F1_aifaith_norm_yolov5sbdd100k300epoch_1/355-res.jpg
[INFO] save mat to: /mnt/h/OneDrive - The University Of Hong Kong/bdd/xai_saliency_maps_same_layer/odam_vehicle/odam_vehicle_NMS_class_F1_aifaith_norm_yolov5sbdd100k300epoch_1/355-res.jpg
| ID | GPU | MEM |
------------------
[INFO] model-forward took:  0.0317 seconds
[INFO] car, model-backward took:  0.1181 seconds
[INFO] car, model-backward took:  0.1262 seconds
[INFO] bus, model-backward took:  0.0945 seconds
[INFO] truck, model-backward took:  0.1101 seconds
[INFO] car, model-backward took:  0.1026 seconds
total time: 1.0595
4
| ID | GPU | MEM |
------------------
[INFO] model-forward took:  0.0433 seconds
[INFO] car, model-backward took:  1.6268 seconds
total time: 2.2018
1
| ID | GPU | MEM |
------------------
[INFO] model-forward took:  0.1981 seconds
[INFO] car, model-backward took:  1.6018 seconds
[INFO] car, model-backward took:  0.6785 seconds
[INFO] car, model-backward took:  0.1069 seconds
[INFO] car, model-backward took:  0.1118 seconds
total time: 3.0283
4
[INFO] Saving the final image at /mnt/h/OneDrive - The University Of Hong Kong/bdd/xai_saliency_maps_same_layer/odam_vehicle/odam_vehicle_NMS_class_F1_aifaith_norm_yolov5sbdd100k300epoch_1/376-res.jpg
[INFO] save mat to: /mnt/h/OneDrive - The University Of Hong Kong/bdd/xai_saliency_maps_same_layer/odam_vehicle/odam_vehicle_NMS_class_F1_aifaith_norm_yolov5sbdd100k300epoch_1/376-res.jpg
| ID | GPU | MEM |
------------------
[INFO] model-forward took:  0.0536 seconds
[INFO] car, model-backward took:  0.1389 seconds
[INFO] truck, model-backward took:  0.2706 seconds
[INFO] truck, model-backward took:  0.1433 seconds
total time: 1.0031
2
| ID | GPU | MEM |
------------------
[INFO] model-forward took:  0.0732 seconds
[INFO] car, model-backward took:  0.2521 seconds
total time: 0.6309
1
[INFO] Saving the final image at /mnt/h/OneDrive - The University Of Hong Kong/bdd/xai_saliency_maps_same_layer/odam_vehicle/odam_vehicle_NMS_class_F1_aifaith_norm_yolov5sbdd100k300epoch_1/383-res.jpg
[INFO] save mat to: /mnt/h/OneDrive - The University Of Hong Kong/bdd/xai_saliency_maps_same_layer/odam_vehicle/odam_vehicle_NMS_class_F1_aifaith_norm_yolov5sbdd100k300epoch_1/383-res.jpg
| ID | GPU | MEM |
------------------
[INFO] model-forward took:  0.0401 seconds
[INFO] car, model-backward took:  0.1237 seconds
total time: 0.44
1
